INFO 2024-04-05 02:03:48 autoreload Watching for file changes with StatReloader
INFO 2024-04-05 02:04:31 autoreload /Users/kirillskakov/PycharmProjects/D13.4_News Portal/NewsPaper/settings.py changed, reloading.
INFO 2024-04-05 02:04:31 autoreload Watching for file changes with StatReloader
INFO 2024-04-05 02:04:34 autoreload Watching for file changes with StatReloader
INFO 2024-04-05 02:05:40 autoreload /Users/kirillskakov/PycharmProjects/D13.4_News Portal/NewsPaper/settings.py changed, reloading.
INFO 2024-04-05 02:05:43 autoreload Watching for file changes with StatReloader
INFO 2024-04-05 02:47:07 autoreload /Users/kirillskakov/PycharmProjects/D13.4_News Portal/news/views.py changed, reloading.
INFO 2024-04-05 02:47:07 autoreload Watching for file changes with StatReloader
INFO 2024-04-05 02:49:12 autoreload /Users/kirillskakov/PycharmProjects/D13.4_News Portal/news/views.py changed, reloading.
INFO 2024-04-05 02:49:12 autoreload Watching for file changes with StatReloader
INFO 2024-04-05 02:50:21 autoreload /Users/kirillskakov/PycharmProjects/D13.4_News Portal/news/views.py changed, reloading.
INFO 2024-04-05 02:50:21 autoreload Watching for file changes with StatReloader
INFO 2024-04-05 02:54:57 autoreload Watching for file changes with StatReloader
INFO 2024-04-05 02:59:27 autoreload /Users/kirillskakov/PycharmProjects/D13.4_News Portal/news/urls.py changed, reloading.
INFO 2024-04-05 02:59:28 autoreload Watching for file changes with StatReloader
INFO 2024-04-05 03:05:47 autoreload Watching for file changes with StatReloader
INFO 2024-04-05 03:29:00 autoreload Watching for file changes with StatReloader
INFO 2024-04-05 03:30:28 autoreload /Users/kirillskakov/PycharmProjects/D13.4_News Portal/NewsPaper/settings.py changed, reloading.
INFO 2024-04-05 03:30:28,896 autoreload Watching for file changes with StatReloader
INFO 2024-04-05 03:30:33,327 autoreload Watching for file changes with StatReloader
INFO 2024-04-05 03:31:49,533 autoreload /Users/kirillskakov/PycharmProjects/D13.4_News Portal/news/urls.py changed, reloading.
INFO 2024-04-05 03:31:50,033 autoreload Watching for file changes with StatReloader
INFO 2024-04-05 03:36:37,400 autoreload Watching for file changes with StatReloader
INFO 2024-04-05 03:37:43,924 autoreload /Users/kirillskakov/PycharmProjects/D13.4_News Portal/news/views.py changed, reloading.
